<?xml version="1.0" encoding="UTF-8"?>
<testng-results skipped="0" failed="0" ignored="0" total="2" passed="2">
  <reporter-output>
  </reporter-output>
  <suite name="Default suite" duration-ms="50168" started-at="2020-03-10T16:18:35Z" finished-at="2020-03-10T16:19:25Z">
    <groups>
    </groups>
    <test name="Default test" duration-ms="50168" started-at="2020-03-10T16:18:35Z" finished-at="2020-03-10T16:19:25Z">
      <class name="com.qa.testcases.LoginPageTest">
        <test-method status="PASS" signature="setUp()[pri:0, instance:com.qa.testcases.LoginPageTest@ae45eb6]" name="setUp" is-config="true" duration-ms="25867" started-at="2020-03-10T17:18:35Z" finished-at="2020-03-10T17:19:00Z">
          <reporter-output>
          </reporter-output>
        </test-method> <!-- setUp -->
        <test-method status="PASS" signature="loginPageTitleTest()[pri:1, instance:com.qa.testcases.LoginPageTest@ae45eb6]" name="loginPageTitleTest" duration-ms="632" started-at="2020-03-10T17:19:00Z" finished-at="2020-03-10T17:19:01Z">
          <reporter-output>
          </reporter-output>
        </test-method> <!-- loginPageTitleTest -->
        <test-method status="PASS" signature="TearDown()[pri:0, instance:com.qa.testcases.LoginPageTest@ae45eb6]" name="TearDown" is-config="true" duration-ms="966" started-at="2020-03-10T17:19:01Z" finished-at="2020-03-10T17:19:02Z">
          <reporter-output>
          </reporter-output>
        </test-method> <!-- TearDown -->
        <test-method status="PASS" signature="setUp()[pri:0, instance:com.qa.testcases.LoginPageTest@ae45eb6]" name="setUp" is-config="true" duration-ms="8135" started-at="2020-03-10T17:19:02Z" finished-at="2020-03-10T17:19:10Z">
          <reporter-output>
          </reporter-output>
        </test-method> <!-- setUp -->
        <test-method status="PASS" signature="loginTest()[pri:2, instance:com.qa.testcases.LoginPageTest@ae45eb6]" name="loginTest" duration-ms="13735" started-at="2020-03-10T17:19:10Z" finished-at="2020-03-10T17:19:24Z">
          <reporter-output>
          </reporter-output>
        </test-method> <!-- loginTest -->
        <test-method status="PASS" signature="TearDown()[pri:0, instance:com.qa.testcases.LoginPageTest@ae45eb6]" name="TearDown" is-config="true" duration-ms="802" started-at="2020-03-10T17:19:24Z" finished-at="2020-03-10T17:19:25Z">
          <reporter-output>
          </reporter-output>
        </test-method> <!-- TearDown -->
      </class> <!-- com.qa.testcases.LoginPageTest -->
    </test> <!-- Default test -->
  </suite> <!-- Default suite -->
</testng-results>
