<?xml version="1.0" encoding="UTF-8"?>
<!-- Generated by org.testng.reporters.JUnitXMLReporter -->
<testsuite hostname="DESKTOP-8KLIGMJ" ignored="0" name="Command line test" tests="2" failures="1" timestamp="10 mars 2020 16:36:45 GMT" time="43.831" errors="0">
  <testcase name="loginPageTitleTest" time="0.022" classname="com.qa.testcases.LoginPageTest">
    <failure type="java.lang.AssertionError" message="expected [S�identifier sur LinkedIn | LinkedIn] but found [S’identifier sur LinkedIn | LinkedIn]">
      <![CDATA[java.lang.AssertionError: expected [S�identifier sur LinkedIn | LinkedIn] but found [S’identifier sur LinkedIn | LinkedIn]
	at com.qa.testcases.LoginPageTest.loginPageTitleTest(LoginPageTest.java:30)
... Removed 40 stack frames]]>
    </failure>
  </testcase> <!-- loginPageTitleTest -->
  <testcase name="loginTest" time="14.634" classname="com.qa.testcases.LoginPageTest"/>
</testsuite> <!-- Command line test -->
